<?xml version="1.0" encoding="UTF-8"?>
<!-- Generated by org.testng.reporters.JUnitReportReporter -->
<testsuite hostname="Deepan" failures="0" tests="1" name="runner.Run" time="10.156" errors="0" timestamp="2021-07-27T23:14:48 IST" skipped="0">
  <testcase classname="runner.Run" name="runScenario" time="10.156"/>
  <system-out/>
</testsuite> <!-- runner.Run -->
